# JRE version: Java(TM) SE Runtime Environment (8.0_91-b14) (build 1.8.0_91-b14)
# Java VM: Java HotSpot(TM) 64-Bit Server VM (25.91-b14 mixed mode windows-amd64 compressed oops)
Heap:
 PSYoungGen      total 141824K, used 22387K [0x000000076b300000, 0x0000000774800000, 0x00000007c0000000)
  eden space 131072K, 8% used [0x000000076b300000,0x000000076be62fa8,0x0000000773300000)
  from space 10752K, 99% used [0x0000000773d80000,0x00000007747f9e08,0x0000000774800000)
  to   space 10752K, 0% used [0x0000000773300000,0x0000000773300000,0x0000000773d80000)
 ParOldGen       total 175104K, used 89784K [0x00000006c1800000, 0x00000006cc300000, 0x000000076b300000)
  object space 175104K, 51% used [0x00000006c1800000,0x00000006c6fae1f0,0x00000006cc300000)
 Metaspace       used 3818K, capacity 4800K, committed 4864K, reserved 1056768K
  class space    used 434K, capacity 496K, committed 512K, reserved 1048576K
GC Heap History (4 events):
Event: 0.348 GC heap before
{Heap before GC invocations=1 (full 0):
 PSYoungGen      total 76288K, used 65536K [0x000000076b300000, 0x0000000770800000, 0x00000007c0000000)
  eden space 65536K, 100% used [0x000000076b300000,0x000000076f300000,0x000000076f300000)
  from space 10752K, 0% used [0x000000076fd80000,0x000000076fd80000,0x0000000770800000)
  to   space 10752K, 0% used [0x000000076f300000,0x000000076f300000,0x000000076fd80000)
 ParOldGen       total 175104K, used 0K [0x00000006c1800000, 0x00000006cc300000, 0x000000076b300000)
  object space 175104K, 0% used [0x00000006c1800000,0x00000006c1800000,0x00000006cc300000)
 Metaspace       used 3683K, capacity 4604K, committed 4864K, reserved 1056768K
  class space    used 427K, capacity 428K, committed 512K, reserved 1048576K
Event: 0.361 GC heap after
Heap after GC invocations=1 (full 0):
 PSYoungGen      total 76288K, used 10727K [0x000000076b300000, 0x0000000774800000, 0x00000007c0000000)
  eden space 65536K, 0% used [0x000000076b300000,0x000000076b300000,0x000000076f300000)
  from space 10752K, 99% used [0x000000076f300000,0x000000076fd79e08,0x000000076fd80000)
  to   space 10752K, 0% used [0x0000000773d80000,0x0000000773d80000,0x0000000774800000)
 ParOldGen       total 175104K, used 23168K [0x00000006c1800000, 0x00000006cc300000, 0x000000076b300000)
  object space 175104K, 13% used [0x00000006c1800000,0x00000006c2ea01f0,0x00000006cc300000)
 Metaspace       used 3683K, capacity 4604K, committed 4864K, reserved 1056768K
  class space    used 427K, capacity 428K, committed 512K, reserved 1048576K
}
Event: 0.386 GC heap before
{Heap before GC invocations=2 (full 0):
 PSYoungGen      total 76288K, used 76263K [0x000000076b300000, 0x0000000774800000, 0x00000007c0000000)
  eden space 65536K, 100% used [0x000000076b300000,0x000000076f300000,0x000000076f300000)
  from space 10752K, 99% used [0x000000076f300000,0x000000076fd79e08,0x000000076fd80000)
  to   space 10752K, 0% used [0x0000000773d80000,0x0000000773d80000,0x0000000774800000)
 ParOldGen       total 175104K, used 23168K [0x00000006c1800000, 0x00000006cc300000, 0x000000076b300000)
  object space 175104K, 13% used [0x00000006c1800000,0x00000006c2ea01f0,0x00000006cc300000)
 Metaspace       used 3685K, capacity 4604K, committed 4864K, reserved 1056768K
  class space    used 427K, capacity 428K, committed 512K, reserved 1048576K
Event: 0.408 GC heap after
Heap after GC invocations=2 (full 0):
 PSYoungGen      total 141824K, used 10727K [0x000000076b300000, 0x0000000774800000, 0x00000007c0000000)
  eden space 131072K, 0% used [0x000000076b300000,0x000000076b300000,0x0000000773300000)
  from space 10752K, 99% used [0x0000000773d80000,0x00000007747f9e08,0x0000000774800000)
  to   space 10752K, 0% used [0x0000000773300000,0x0000000773300000,0x0000000773d80000)
 ParOldGen       total 175104K, used 89784K [0x00000006c1800000, 0x00000006cc300000, 0x000000076b300000)
  object space 175104K, 51% used [0x00000006c1800000,0x00000006c6fae1f0,0x00000006cc300000)
 Metaspace       used 3685K, capacity 4604K, committed 4864K, reserved 1056768K
  class space    used 427K, capacity 428K, committed 512K, reserved 1048576K
}

